make all --print-data-base --no-builtin-variables --no-builtin-rules --question
# GNU Make 3.81
# Copyright (C) 2006  Free Software Foundation, Inc.
# This is free software; see the source for copying conditions.
# There is NO warranty; not even for MERCHANTABILITY or FITNESS FOR A
# PARTICULAR PURPOSE.

# This program built for i386-apple-darwin11.3.0
 

# Make data base, printed on Thu May 26 02:29:18 2022

# Variables

# automatic
<D = $(patsubst %/,%,$(dir $<))
# automatic
?F = $(notdir $?)
# environment
VSCODE_LOG_NATIVE = false
# makefile (from `Makefile', line 16)
TARGET := ./bin/APP
# environment
NVM_INC = /Users/josegonzalezlopez/.nvm/versions/node/v12.18.0/include/node
# automatic
?D = $(patsubst %/,%,$(dir $?))
# makefile (from `Makefile', line 24)
INCLUDES := -I./include/
# automatic
@D = $(patsubst %/,%,$(dir $@))
# automatic
@F = $(notdir $@)
# makefile
CURDIR := /Users/josegonzalezlopez/MakefileProjects/TestVSC
# makefile
SHELL = /bin/sh
# environment
VSCODE_NLS_CONFIG = {"locale":"en-us","availableLanguages":{},"_languagePackSupport":true}
# environment
_ = /usr/bin/make
# makefile (from `Makefile', line 30)
DEPFLAGS = -MMD -MF $(@:.o=.d)
# makefile (from `Makefile', line 1)
MAKEFILE_LIST :=  Makefile
# makefile (from `Makefile', line 20)
SOURCES := ./source/test/main.c ./source/test/test.c ./source/sample/example.c
# environment
VSCODE_VERBOSE_LOGGING = true
# makefile (from `Makefile', line 6)
BUILDDIR := ./bin
# environment
__CFBundleIdentifier = com.microsoft.VSCode
# environment
VSCODE_IPC_HOOK_EXTHOST = /var/folders/qs/ksfq6cfs68l1rr88mqdrd64h0000gn/T/vscode-ipc-e68443bf-74b7-42b1-b3ee-c6f188270b6e.sock
# environment
VSCODE_CWD = /
# makefile (from `Makefile', line 12)
CFLAGS1 := -framework OpenGL -framework GLUT
# environment
PATH = /Users/josegonzalezlopez/.nvm/versions/node/v12.18.0/bin:/usr/local/bin:/usr/bin:/bin:/usr/sbin:/sbin:/usr/local/share/dotnet:~/.dotnet/tools:/Library/Apple/usr/bin:/Library/Frameworks/Mono.framework/Versions/Current/Commands
# makefile (from `Makefile', line 18)
OBJECT := ./bin/%.o
# environment
NVM_BIN = /Users/josegonzalezlopez/.nvm/versions/node/v12.18.0/bin
# environment
VSCODE_LOG_STACK = false
# environment
ELECTRON_RUN_AS_NODE = 1
# makefile (from `Makefile', line 27)
DEPENDENCIES := ./bin/test/main.d ./bin/test/test.d ./bin/sample/example.d
# default
.FEATURES := target-specific order-only second-expansion else-if archives jobserver check-symlink
# environment
SSH_AUTH_SOCK = /private/tmp/com.apple.launchd.tgruABEsTD/Listeners
# automatic
%F = $(notdir $%)
# makefile (from `Makefile', line 13)
CFLAGS2 := -Wall -Werror -Wno-deprecated-declarations
# environment
VSCODE_PIPE_LOGGING = true
# environment
PWD = /Users/josegonzalezlopez/MakefileProjects/TestVSC
# environment
ORIGINAL_XDG_CURRENT_DESKTOP = undefined
# environment
VSCODE_AMD_ENTRYPOINT = vs/workbench/api/node/extensionHostProcess
# environment
HOME = /Users/josegonzalezlopez
# default
MAKEFILEPATH = $(shell /usr/bin/xcode-select -print-path 2>/dev/null || echo /Developer)/Makefiles
# environment
VSCODE_CODE_CACHE_PATH = /Users/josegonzalezlopez/Library/Application Support/Code/CachedData/c3511e6c69bb39013c4a4b7b9566ec1ca73fc4d5
# environment
LOGNAME = josegonzalezlopez
# environment
APPLICATION_INSIGHTS_NO_DIAGNOSTIC_CHANNEL = 1
# environment
NVM_CD_FLAGS = -q
# environment
VSCODE_HANDLES_UNCAUGHT_ERRORS = true
# automatic
^D = $(patsubst %/,%,$(dir $^))
# environment
XPC_FLAGS = 0x0
# default
MAKE = $(MAKE_COMMAND)
# default
MAKECMDGOALS := all
# environment
SHLVL = 1
# makefile (from `Makefile', line 11)
CC := clang
# makefile (from `Makefile', line 17)
SOURCE := ./source/%.c
# default
MAKE_VERSION := 3.81
# environment
USER = josegonzalezlopez
# makefile
.DEFAULT_GOAL := all
# automatic
%D = $(patsubst %/,%,$(dir $%))
# default
MAKE_COMMAND := /Library/Developer/CommandLineTools/usr/bin/make
# default
.VARIABLES := 
# environment
TMPDIR = /var/folders/qs/ksfq6cfs68l1rr88mqdrd64h0000gn/T/
# automatic
*F = $(notdir $*)
# environment
VSCODE_IPC_HOOK = /Users/josegonzalezlopez/Library/Application Support/Code/1.67.2-main.sock
# makefile
MAKEFLAGS = Rrqp
# environment
MFLAGS = -Rrqp
# automatic
*D = $(patsubst %/,%,$(dir $*))
# environment
NVM_DIR = /Users/josegonzalezlopez/.nvm
# environment
XPC_SERVICE_NAME = application.com.microsoft.VSCode.16831700.16831706
# automatic
+D = $(patsubst %/,%,$(dir $+))
# automatic
+F = $(notdir $+)
# environment
__CF_USER_TEXT_ENCODING = 0x1F5:0x0:0x0
# environment
COMMAND_MODE = unix2003
# default
MAKEFILES := 
# automatic
<F = $(notdir $<)
# makefile (from `Makefile', line 2)
BUILDNAME := APP
# environment
LC_ALL = C
# makefile (from `Makefile', line 7)
INCLUDEDIR := ./include
# automatic
^F = $(notdir $^)
# default
SUFFIXES := 
# makefile (from `Makefile', line 5)
ROOTDIR := .
# default
.INCLUDE_DIRS = /usr/local/include
# environment
MAKELEVEL := 0
# makefile (from `Makefile', line 21)
OBJECTS := ./bin/test/main.o ./bin/test/test.o ./bin/sample/example.o
# environment
LANG = C
# makefile (from `Makefile', line 8)
SOURCEDIR := ./source
# environment
VSCODE_PID = 30312
# variable set hash-table stats:
# Load=82/1024=8%, Rehash=0, Collisions=5/130=4%

# Pattern-specific Variable Values

# No pattern-specific variable values.

# Directories

# . (device 16777225, inode 16837272): 9 files, no impossibilities.
# ./source (device 16777225, inode 16906293): No files, no impossibilities so far.
# source/test (device 16777225, inode 16906926): 3 files, no impossibilities so far.

# 12 files, no impossibilities in 3 directories.

# Implicit Rules

bin/%.o: ./source/%.c
#  commands to execute (from `Makefile', line 38):
	mkdir -p $(@D)
	$(CC) $(CFLAGS2) $(INCLUDES) -o $@ -c $<
	

# 1 implicit rules, 0 (0.0%) terminal.

# Files

# Not a target:
source/test/main.c:
#  Implicit rule search has been done.
#  Last modified 2022-05-23 04:58:17
#  File has been updated.
#  Successfully updated.
# variable set hash-table stats:
# Load=0/32=0%, Rehash=0, Collisions=0/0=0%

all: bin/APP
#  Command-line target.
#  Implicit rule search has been done.
#  File does not exist.
#  File has been updated.
#  Needs to be updated (-q is set).
# variable set hash-table stats:
# Load=0/32=0%, Rehash=0, Collisions=0/6=0%

# Not a target:
.SUFFIXES:
#  Implicit rule search has not been done.
#  Modification time never checked.
#  File has not been updated.

# Not a target:
Makefile:
#  Implicit rule search has been done.
#  Last modified 2022-05-23 04:32:42
#  File has been updated.
#  Successfully updated.
# variable set hash-table stats:
# Load=0/32=0%, Rehash=0, Collisions=0/0=0%

bin/APP: bin/test/main.o bin/test/test.o bin/sample/example.o
#  Implicit rule search has not been done.
#  File does not exist.
#  File has been updated.
#  Needs to be updated (-q is set).
# variable set hash-table stats:
# Load=0/32=0%, Rehash=0, Collisions=0/6=0%
#  commands to execute (from `Makefile', line 35):
	$(CC) $(CFLAGS1) -o $@ $^
	

# Not a target:
bin/sample/example.d:
#  A default, MAKEFILES, or -include/sinclude makefile.
#  Implicit rule search has been done.
#  File does not exist.
#  File has been updated.
#  Failed to be updated.
# variable set hash-table stats:
# Load=0/32=0%, Rehash=0, Collisions=0/0=0%

# Not a target:
bin/test/main.d:
#  A default, MAKEFILES, or -include/sinclude makefile.
#  Implicit rule search has been done.
#  File does not exist.
#  File has been updated.
#  Failed to be updated.
# variable set hash-table stats:
# Load=0/32=0%, Rehash=0, Collisions=0/0=0%

# Not a target:
.DEFAULT:
#  Implicit rule search has not been done.
#  Modification time never checked.
#  File has not been updated.

# Not a target:
bin/sample/example.o:
#  Implicit rule search has not been done.
#  Modification time never checked.
#  File has not been updated.

run:
#  Implicit rule search has not been done.
#  Modification time never checked.
#  File has not been updated.
#  commands to execute (from `Makefile', line 47):
	$(TARGET)
	

clean:
#  Implicit rule search has not been done.
#  Modification time never checked.
#  File has not been updated.
#  commands to execute (from `Makefile', line 43):
	rm -rf $(BUILDDIR)/*
	

# Not a target:
bin/test/test.d:
#  A default, MAKEFILES, or -include/sinclude makefile.
#  Implicit rule search has been done.
#  File does not exist.
#  File has been updated.
#  Failed to be updated.
# variable set hash-table stats:
# Load=0/32=0%, Rehash=0, Collisions=0/0=0%

bin/test/main.o: source/test/main.c
 
#  Implicit rule search has been done.
#  Implicit/static pattern stem: `test/main'
#  File does not exist.
#  File has been updated.
#  Needs to be updated (-q is set).
# automatic
# @ := bin/test/main.o
# automatic
# % := 
# automatic
# * := test/main
# automatic
# + := source/test/main.c
# automatic
# | := 
# automatic
# < := source/test/main.c
# automatic
# ^ := source/test/main.c
# automatic
# ? := source/test/main.c
# variable set hash-table stats:
# Load=8/32=25%, Rehash=0, Collisions=1/17=6%
#  commands to execute (from `Makefile', line 38):
	mkdir -p $(@D)
	$(CC) $(CFLAGS2) $(INCLUDES) -o $@ -c $<
	

# Not a target:
bin/test/test.o:
#  Implicit rule search has not been done.
#  Modification time never checked.
#  File has not been updated.

# files hash-table stats:
# Load=14/1024=1%, Rehash=0, Collisions=0/37=0%
# VPATH Search Paths

# No `vpath' search paths.

# No general (`VPATH' variable) search path.

# # of strings in strcache: 4
# # of strcache buffers: 1
# strcache size: total = 4096 / max = 4096 / min = 4096 / avg = 4096
# strcache free: total = 4034 / max = 4034 / min = 4034 / avg = 4034

# Finished Make data base on Thu May 26 02:29:18 2022

 
